Reading counter_la_fir.hex
counter_la_fir.hex loaded into memory
Memory 5 bytes = 0x6f 0x00 0x00 0x0b 0x13
VCD info: dumpfile counter_la_fir.vcd opened for output.
LA Test 1 started
DATALEN write done
LA Test 1 passed
write first x done
data           0 pass
data           1 pass
data           2 pass
data           3 pass
data           4 pass
data           5 pass
data           6 pass
data           7 pass
data           8 pass
data           9 pass
data          10 pass
data          11 pass
data          12 pass
data          13 pass
data          14 pass
data          15 pass
data          16 pass
data          17 pass
data          18 pass
data          19 pass
data          20 pass
data          21 pass
data          22 pass
data          23 pass
data          24 pass
data          25 pass
data          26 pass
data          27 pass
data          28 pass
data          29 pass
data          30 pass
data          31 pass
data          32 pass
data          33 pass
data          34 pass
data          35 pass
data          36 pass
data          37 pass
data          38 pass
data          39 pass
data          40 pass
data          41 pass
data          42 pass
data          43 pass
data          44 pass
data          45 pass
data          46 pass
data          47 pass
data          48 pass
data          49 pass
data          50 pass
data          51 pass
data          52 pass
data          53 pass
data          54 pass
data          55 pass
data          56 pass
data          57 pass
data          58 pass
data          59 pass
data          60 pass
data          61 pass
data          62 pass
data          63 pass
data          64 pass
data          65 pass
data          66 pass
data          67 pass
data          68 pass
data          69 pass
data          70 pass
data          71 pass
data          72 pass
data          73 pass
data          74 pass
data          75 pass
data          76 pass
data          77 pass
data          78 pass
data          79 pass
data          80 pass
data          81 pass
data          82 pass
data          83 pass
data          84 pass
data          85 pass
data          86 pass
data          87 pass
data          88 pass
data          89 pass
data          90 pass
data          91 pass
data          92 pass
data          93 pass
data          94 pass
data          95 pass
data          96 pass
data          97 pass
data          98 pass
data          99 pass
data         100 pass
data         101 pass
data         102 pass
data         103 pass
data         104 pass
data         105 pass
data         106 pass
data         107 pass
data         108 pass
data         109 pass
data         110 pass
data         111 pass
data         112 pass
data         113 pass
data         114 pass
data         115 pass
data         116 pass
data         117 pass
data         118 pass
data         119 pass
data         120 pass
data         121 pass
data         122 pass
data         123 pass
data         124 pass
data         125 pass
data         126 pass
data         127 pass
data         128 pass
data         129 pass
data         130 pass
data         131 pass
data         132 pass
data         133 pass
data         134 pass
data         135 pass
data         136 pass
data         137 pass
data         138 pass
data         139 pass
data         140 pass
data         141 pass
data         142 pass
data         143 pass
data         144 pass
data         145 pass
data         146 pass
data         147 pass
data         148 pass
data         149 pass
data         150 pass
data         151 pass
data         152 pass
data         153 pass
data         154 pass
data         155 pass
data         156 pass
data         157 pass
data         158 pass
data         159 pass
data         160 pass
data         161 pass
data         162 pass
data         163 pass
data         164 pass
data         165 pass
data         166 pass
data         167 pass
data         168 pass
data         169 pass
data         170 pass
data         171 pass
data         172 pass
data         173 pass
data         174 pass
data         175 pass
data         176 pass
data         177 pass
data         178 pass
data         179 pass
data         180 pass
data         181 pass
data         182 pass
data         183 pass
data         184 pass
data         185 pass
data         186 pass
data         187 pass
data         188 pass
data         189 pass
data         190 pass
data         191 pass
data         192 pass
data         193 pass
data         194 pass
data         195 pass
data         196 pass
data         197 pass
data         198 pass
data         199 pass
data         200 pass
data         201 pass
data         202 pass
data         203 pass
data         204 pass
data         205 pass
data         206 pass
data         207 pass
data         208 pass
data         209 pass
data         210 pass
data         211 pass
data         212 pass
data         213 pass
data         214 pass
data         215 pass
data         216 pass
data         217 pass
data         218 pass
data         219 pass
data         220 pass
data         221 pass
data         222 pass
data         223 pass
data         224 pass
data         225 pass
data         226 pass
data         227 pass
data         228 pass
data         229 pass
data         230 pass
data         231 pass
data         232 pass
data         233 pass
data         234 pass
data         235 pass
data         236 pass
data         237 pass
data         238 pass
data         239 pass
data         240 pass
data         241 pass
data         242 pass
data         243 pass
data         244 pass
data         245 pass
data         246 pass
data         247 pass
data         248 pass
data         249 pass
data         250 pass
data         251 pass
data         252 pass
data         253 pass
data         254 pass
data         255 pass
data         256 pass
data         257 pass
data         258 pass
data         259 pass
data         260 pass
data         261 pass
data         262 pass
data         263 pass
data         264 pass
data         265 pass
data         266 pass
data         267 pass
data         268 pass
data         269 pass
data         270 pass
data         271 pass
data         272 pass
data         273 pass
data         274 pass
data         275 pass
data         276 pass
data         277 pass
data         278 pass
data         279 pass
data         280 pass
data         281 pass
data         282 pass
data         283 pass
data         284 pass
data         285 pass
data         286 pass
data         287 pass
data         288 pass
data         289 pass
data         290 pass
data         291 pass
data         292 pass
data         293 pass
data         294 pass
data         295 pass
data         296 pass
data         297 pass
data         298 pass
data         299 pass
data         300 pass
data         301 pass
data         302 pass
data         303 pass
data         304 pass
data         305 pass
data         306 pass
data         307 pass
data         308 pass
data         309 pass
data         310 pass
data         311 pass
data         312 pass
data         313 pass
data         314 pass
data         315 pass
data         316 pass
data         317 pass
data         318 pass
data         319 pass
data         320 pass
data         321 pass
data         322 pass
data         323 pass
data         324 pass
data         325 pass
data         326 pass
data         327 pass
data         328 pass
data         329 pass
data         330 pass
data         331 pass
data         332 pass
data         333 pass
data         334 pass
data         335 pass
data         336 pass
data         337 pass
data         338 pass
data         339 pass
data         340 pass
data         341 pass
data         342 pass
data         343 pass
data         344 pass
data         345 pass
data         346 pass
data         347 pass
data         348 pass
data         349 pass
data         350 pass
data         351 pass
data         352 pass
data         353 pass
data         354 pass
data         355 pass
data         356 pass
data         357 pass
data         358 pass
data         359 pass
data         360 pass
data         361 pass
data         362 pass
data         363 pass
data         364 pass
data         365 pass
data         366 pass
data         367 pass
data         368 pass
data         369 pass
data         370 pass
data         371 pass
data         372 pass
data         373 pass
data         374 pass
data         375 pass
data         376 pass
data         377 pass
data         378 pass
data         379 pass
data         380 pass
data         381 pass
data         382 pass
data         383 pass
data         384 pass
data         385 pass
data         386 pass
data         387 pass
data         388 pass
data         389 pass
data         390 pass
data         391 pass
data         392 pass
data         393 pass
data         394 pass
data         395 pass
data         396 pass
data         397 pass
data         398 pass
data         399 pass
data         400 pass
data         401 pass
data         402 pass
data         403 pass
data         404 pass
data         405 pass
data         406 pass
data         407 pass
data         408 pass
data         409 pass
data         410 pass
data         411 pass
data         412 pass
data         413 pass
data         414 pass
data         415 pass
data         416 pass
data         417 pass
data         418 pass
data         419 pass
data         420 pass
data         421 pass
data         422 pass
data         423 pass
data         424 pass
data         425 pass
data         426 pass
data         427 pass
data         428 pass
data         429 pass
data         430 pass
data         431 pass
data         432 pass
data         433 pass
data         434 pass
data         435 pass
data         436 pass
data         437 pass
data         438 pass
data         439 pass
data         440 pass
data         441 pass
data         442 pass
data         443 pass
data         444 pass
data         445 pass
data         446 pass
data         447 pass
data         448 pass
data         449 pass
data         450 pass
data         451 pass
data         452 pass
data         453 pass
data         454 pass
data         455 pass
data         456 pass
data         457 pass
data         458 pass
data         459 pass
data         460 pass
data         461 pass
data         462 pass
data         463 pass
data         464 pass
data         465 pass
data         466 pass
data         467 pass
data         468 pass
data         469 pass
data         470 pass
data         471 pass
data         472 pass
data         473 pass
data         474 pass
data         475 pass
data         476 pass
data         477 pass
data         478 pass
data         479 pass
data         480 pass
data         481 pass
data         482 pass
data         483 pass
data         484 pass
data         485 pass
data         486 pass
data         487 pass
data         488 pass
data         489 pass
data         490 pass
data         491 pass
data         492 pass
data         493 pass
data         494 pass
data         495 pass
data         496 pass
data         497 pass
data         498 pass
data         499 pass
data         500 pass
data         501 pass
data         502 pass
data         503 pass
data         504 pass
data         505 pass
data         506 pass
data         507 pass
data         508 pass
data         509 pass
data         510 pass
data         511 pass
data         512 pass
data         513 pass
data         514 pass
data         515 pass
data         516 pass
data         517 pass
data         518 pass
data         519 pass
data         520 pass
data         521 pass
data         522 pass
data         523 pass
data         524 pass
data         525 pass
data         526 pass
data         527 pass
data         528 pass
data         529 pass
data         530 pass
data         531 pass
data         532 pass
data         533 pass
data         534 pass
data         535 pass
data         536 pass
data         537 pass
data         538 pass
data         539 pass
data         540 pass
data         541 pass
data         542 pass
data         543 pass
data         544 pass
data         545 pass
data         546 pass
data         547 pass
data         548 pass
data         549 pass
data         550 pass
data         551 pass
data         552 pass
data         553 pass
data         554 pass
data         555 pass
data         556 pass
data         557 pass
data         558 pass
data         559 pass
data         560 pass
data         561 pass
data         562 pass
data         563 pass
data         564 pass
data         565 pass
data         566 pass
data         567 pass
data         568 pass
data         569 pass
data         570 pass
data         571 pass
data         572 pass
data         573 pass
data         574 pass
data         575 pass
data         576 pass
data         577 pass
data         578 pass
data         579 pass
data         580 pass
data         581 pass
data         582 pass
data         583 pass
data         584 pass
data         585 pass
data         586 pass
data         587 pass
data         588 pass
data         589 pass
data         590 pass
data         591 pass
data         592 pass
data         593 pass
data         594 pass
data         595 pass
data         596 pass
data         597 pass
data         598 pass
data         599 pass
LA Test 2 passed, latency =     104846
